Arguments: 
  C:\Program Files\nodejs\node.exe C:\Users\Tesla Laptops\AppData\Roaming\npm\node_modules\yarn\bin\yarn.js

PATH: 
  C:\Program Files\Microsoft MPI\Bin\;C:\Windows\system32;C:\Windows;C:\Windows\System32\Wbem;C:\Windows\System32\WindowsPowerShell\v1.0\;C:\Windows\System32\OpenSSH\;C:\Program Files\dotnet\;C:\Program Files\PuTTY\;C:\Program Files\Git\cmd;C:\Program Files (x86)\Microsoft SQL Server\160\Tools\Binn\;C:\Program Files\Microsoft SQL Server\160\Tools\Binn\;C:\Program Files\Microsoft SQL Server\Client SDK\ODBC\170\Tools\Binn\;C:\Program Files\Microsoft SQL Server\160\DTS\Binn\;C:\Program Files (x86)\Microsoft SQL Server\160\DTS\Binn\;C:\Program Files\Azure Data Studio\bin;C:\Program Files\Microsoft SQL Server\150\Tools\Binn\;C:\Program Files\nodejs\;C:\Users\Tesla Laptops\.dnx\bin;C:\Program Files\Microsoft DNX\Dnvm\;C:\Program Files\Microsoft SQL Server\130\Tools\Binn\;c:\Program Files (x86)\Intel\Intel(R) Management Engine Components\DAL;c:\Program Files\Intel\Intel(R) Management Engine Components\DAL;C:\Users\Tesla Laptops\AppData\Local\Microsoft\WindowsApps;C:\Users\Tesla Laptops\AppData\Local\Programs\Microsoft VS Code\bin;C:\Program Files\JetBrains\IntelliJ IDEA 2022.2\bin;C:\Program Files\Microsoft VS Code\;C:\Users\Tesla Laptops\.dotnet\tools;C:\Program Files\JetBrains\PhpStorm 2021.3.3\bin;C:\Users\Tesla Laptops\AppData\Roaming\npm

Yarn version: 
  1.22.19

Node version: 
  18.14.2

Platform: 
  win32 x64

Trace: 
  Error: EPERM: operation not permitted, copyfile 'C:\Users\Tesla Laptops\AppData\Local\Yarn\Cache\v6\npm-@babel-runtime-7.24.5-230946857c053a36ccc66e1dd03b17dd0c4ed02c-integrity\node_modules\@babel\runtime\helpers\esm\package.json' -> 'D:\Milad\ALL_TRADING_VUE\Milad_Trading_Vue-Github_Clone\trading-vue-js\node_modules\@babel\runtime\helpers\esm\package.json'

npm manifest: 
  {
    "name": "trading-vue-js",
    "version": "1.0.3",
    "description": "Hackable charting lib for traders",
    "main": "./dist/trading-vue.js",
    "scripts": {
      "test": "webpack serve --config webpack/test.config.js --mode development --progress --hot",
      "auto-test": "ava",
      "eslint": "./node_modules/.bin/eslint --ext .js,.vue src",
      "dev": "webpack serve --config webpack/dev.config.js --mode development --progress --hot",
      "ww": "webpack serve --config webpack/dev.config.js --mode production --progress --hot",
      "build": "webpack  --config webpack/build.config.js --mode production --progress --watch",
      "cdn": "webpack serve --config webpack/cdn.config.js --mode development --progress --hot",
      "lint": "vue-cli-service lint"
    },
    "ava": {
      "babel": {
        "compileAsTests": [
          "test/auto_tests/**/*",
          "src/**/*"
        ]
      },
      "files": [
        "test/auto_tests/**/*"
      ]
    },
    "author": "C451",
    "license": "MIT",
    "files": [
      "dist/*",
      "src/*"
    ],
    "keywords": [
      "trading",
      "vue",
      "charts",
      "crypto",
      "visualization",
      "reactive",
      "algo-trading",
      "finviz",
      "trading-systems"
    ],
    "homepage": "https://github.com/C451/trading-vue-js#readme",
    "repository": "github:C451/trading-vue-js",
    "devDependencies": {
      "@ava/babel": "^1.0.1",
      "@babel/core": "^7.13.10",
      "@babel/plugin-transform-parameters": "^7.13.0",
      "@babel/plugin-transform-runtime": "^7.13.10",
      "@babel/preset-env": "^7.13.10",
      "@webpack-cli/serve": "^1.7.0",
      "ava": "^3.15.0",
      "babel-loader": "^8.2.2",
      "css-loader": "^3.6.0",
      "eslint": "^7.21.0",
      "eslint-config-eslint": "^7.0.0",
      "eslint-config-prettier": "^8.3.0",
      "eslint-plugin-prettier": "^3.4.0",
      "eslint-plugin-vue": "^7.7.0",
      "html-webpack-plugin": "^5.3.1",
      "null-loader": "^4.0.1",
      "raw-loader": "^4.0.2",
      "request": "^2.88.2",
      "terser-webpack-plugin": "^5.1.1",
      "tulind": "^0.8.18",
      "vue-codemirror": "^4.0.6",
      "vue-loader": "^15.9.6",
      "vue-style-loader": "^4.1.3",
      "vue-template-compiler": "^2.6.12",
      "webpack": "^5.24.4",
      "webpack-cli": "^4.5.0",
      "webpack-dev-server": "^3.11.2",
      "worker-loader": "^3.0.8"
    },
    "dependencies": {
      "@babel/runtime": "^7.13.10",
      "arrayslicer": "^1.2.3",
      "hammerjs": "^2.0.8",
      "hamsterjs": "^1.1.3",
      "lz-string": "^1.4.4",
      "moment": "^2.29.1",
      "vue": "^2.6.12"
    }
  }

yarn manifest: 
  No manifest

Lockfile: 
  # THIS IS AN AUTOGENERATED FILE. DO NOT EDIT THIS FILE DIRECTLY.
  # yarn lockfile v1
